Wed, 08 Dec 2021 21:41:51 :: Information about Replication 33
Wed, 08 Dec 2021 21:41:51 :: Running Goldstein_1 Replication 33 with seed 10033
Wed, 08 Dec 2021 21:41:51 :: **************************************************
Wed, 08 Dec 2021 21:41:51 :: Options File:
Wed, 08 Dec 2021 21:41:51 :: initial_region_support : [[[-1.  1.]
  [-1.  1.]]]
Wed, 08 Dec 2021 21:41:51 :: test_function_dimension : 2
Wed, 08 Dec 2021 21:41:51 :: alpha : [0.05]
Wed, 08 Dec 2021 21:41:51 :: M : 100
Wed, 08 Dec 2021 21:41:51 :: R : 10
Wed, 08 Dec 2021 21:41:51 :: delta : 0.001
Wed, 08 Dec 2021 21:41:51 :: uniform_partitioning : True
Wed, 08 Dec 2021 21:41:51 :: min_volume : 4e-06
Wed, 08 Dec 2021 21:41:51 :: initialization_budget : 10
Wed, 08 Dec 2021 21:41:51 :: max_budget : 5000
Wed, 08 Dec 2021 21:41:51 :: number_of_BO_samples : [10]
Wed, 08 Dec 2021 21:41:51 :: continued_sampling_budget : 100
Wed, 08 Dec 2021 21:41:51 :: branching_factor : 2
Wed, 08 Dec 2021 21:41:51 :: nugget_mean : 0
Wed, 08 Dec 2021 21:41:51 :: nugget_std_dev : 0.001
Wed, 08 Dec 2021 21:41:51 :: start_seed : 10000
Wed, 08 Dec 2021 21:41:51 :: fv_quantiles_for_gp : [0.5, 0.95, 0.99]
Wed, 08 Dec 2021 21:41:51 :: BENCHMARK_NAME : Goldstein_1
Wed, 08 Dec 2021 21:41:51 :: NGP : 1000
Wed, 08 Dec 2021 21:41:51 :: **************************************************
Wed, 08 Dec 2021 21:41:51 :: Budget Used = 0
Wed, 08 Dec 2021 21:41:51 :: Budget Available (Max Budget) = 5000
Wed, 08 Dec 2021 21:41:51 :: **************************************************
Wed, 08 Dec 2021 21:41:51 :: **************************************************
Wed, 08 Dec 2021 21:41:51 :: ***************Replication Start******************
Wed, 08 Dec 2021 21:42:02 :: **************************************************
Wed, 08 Dec 2021 21:42:02 :: Classified regions = 0
Wed, 08 Dec 2021 21:42:02 :: Unclassified regions = 1
Wed, 08 Dec 2021 21:42:02 :: Unidentified regions = 0
Wed, 08 Dec 2021 21:42:02 :: Budget available for replication = 4980
Wed, 08 Dec 2021 21:42:02 :: **************************************************
Wed, 08 Dec 2021 21:42:25 :: **************************************************
Wed, 08 Dec 2021 21:42:25 :: Mid Classified regions = 0
Wed, 08 Dec 2021 21:42:25 :: Mid Unclassified regions = 2
Wed, 08 Dec 2021 21:42:25 :: Mid Unidentified regions = 0
Wed, 08 Dec 2021 21:42:25 :: Classified regions = 0
Wed, 08 Dec 2021 21:42:25 :: Unclassified regions = 2
Wed, 08 Dec 2021 21:42:25 :: Unidentified regions = 0
Wed, 08 Dec 2021 21:42:25 :: Budget available for replication = 4957
Wed, 08 Dec 2021 21:42:25 :: **************************************************
Wed, 08 Dec 2021 21:43:06 :: **************************************************
Wed, 08 Dec 2021 21:43:06 :: Mid Classified regions = 1
Wed, 08 Dec 2021 21:43:06 :: Mid Unclassified regions = 3
Wed, 08 Dec 2021 21:43:06 :: Mid Unidentified regions = 0
Wed, 08 Dec 2021 21:43:46 :: Classified regions = 1
Wed, 08 Dec 2021 21:43:46 :: Unclassified regions = 3
Wed, 08 Dec 2021 21:43:46 :: Unidentified regions = 0
Wed, 08 Dec 2021 21:43:46 :: Budget available for replication = 4816
Wed, 08 Dec 2021 21:43:46 :: **************************************************
Wed, 08 Dec 2021 21:44:52 :: **************************************************
Wed, 08 Dec 2021 21:44:52 :: Mid Classified regions = 3
Wed, 08 Dec 2021 21:44:52 :: Mid Unclassified regions = 4
Wed, 08 Dec 2021 21:44:52 :: Mid Unidentified regions = 0
Wed, 08 Dec 2021 21:45:22 :: Classified regions = 2
Wed, 08 Dec 2021 21:45:22 :: Unclassified regions = 5
Wed, 08 Dec 2021 21:45:22 :: Unidentified regions = 0
Wed, 08 Dec 2021 21:45:22 :: Budget available for replication = 4647
Wed, 08 Dec 2021 21:45:22 :: **************************************************
Wed, 08 Dec 2021 21:48:39 :: **************************************************
Wed, 08 Dec 2021 21:48:39 :: Mid Classified regions = 2
Wed, 08 Dec 2021 21:48:39 :: Mid Unclassified regions = 10
Wed, 08 Dec 2021 21:48:39 :: Mid Unidentified regions = 0
Wed, 08 Dec 2021 21:49:58 :: Classified regions = 2
Wed, 08 Dec 2021 21:49:58 :: Unclassified regions = 10
Wed, 08 Dec 2021 21:49:58 :: Unidentified regions = 0
Wed, 08 Dec 2021 21:49:58 :: Budget available for replication = 4430
Wed, 08 Dec 2021 21:49:58 :: **************************************************
Wed, 08 Dec 2021 21:55:49 :: **************************************************
Wed, 08 Dec 2021 21:55:49 :: Mid Classified regions = 4
Wed, 08 Dec 2021 21:55:49 :: Mid Unclassified regions = 18
Wed, 08 Dec 2021 21:55:49 :: Mid Unidentified regions = 0
Wed, 08 Dec 2021 21:57:33 :: Classified regions = 4
Wed, 08 Dec 2021 21:57:33 :: Unclassified regions = 18
Wed, 08 Dec 2021 21:57:33 :: Unidentified regions = 0
Wed, 08 Dec 2021 21:57:33 :: Budget available for replication = 4085
Wed, 08 Dec 2021 21:57:33 :: **************************************************
Wed, 08 Dec 2021 22:08:02 :: **************************************************
Wed, 08 Dec 2021 22:08:02 :: Mid Classified regions = 16
Wed, 08 Dec 2021 22:08:02 :: Mid Unclassified regions = 24
Wed, 08 Dec 2021 22:08:02 :: Mid Unidentified regions = 0
Wed, 08 Dec 2021 22:10:31 :: Classified regions = 16
Wed, 08 Dec 2021 22:10:31 :: Unclassified regions = 24
Wed, 08 Dec 2021 22:10:31 :: Unidentified regions = 0
Wed, 08 Dec 2021 22:10:31 :: Budget available for replication = 3560
Wed, 08 Dec 2021 22:10:31 :: **************************************************
Wed, 08 Dec 2021 22:23:33 :: **************************************************
Wed, 08 Dec 2021 22:23:33 :: Mid Classified regions = 25
Wed, 08 Dec 2021 22:23:33 :: Mid Unclassified regions = 39
Wed, 08 Dec 2021 22:23:33 :: Mid Unidentified regions = 0
Wed, 08 Dec 2021 22:27:41 :: Classified regions = 25
Wed, 08 Dec 2021 22:27:41 :: Unclassified regions = 39
Wed, 08 Dec 2021 22:27:41 :: Unidentified regions = 0
Wed, 08 Dec 2021 22:27:41 :: Budget available for replication = 2867
Wed, 08 Dec 2021 22:27:41 :: **************************************************
