Wed, 08 Dec 2021 19:21:18 :: Information about Replication 19
Wed, 08 Dec 2021 19:21:18 :: Running Goldstein_1 Replication 19 with seed 10019
Wed, 08 Dec 2021 19:21:18 :: **************************************************
Wed, 08 Dec 2021 19:21:18 :: Options File:
Wed, 08 Dec 2021 19:21:18 :: initial_region_support : [[[-1.  1.]
  [-1.  1.]]]
Wed, 08 Dec 2021 19:21:18 :: test_function_dimension : 2
Wed, 08 Dec 2021 19:21:18 :: alpha : [0.05]
Wed, 08 Dec 2021 19:21:18 :: M : 100
Wed, 08 Dec 2021 19:21:18 :: R : 10
Wed, 08 Dec 2021 19:21:18 :: delta : 0.001
Wed, 08 Dec 2021 19:21:18 :: uniform_partitioning : True
Wed, 08 Dec 2021 19:21:18 :: min_volume : 4e-06
Wed, 08 Dec 2021 19:21:18 :: initialization_budget : 10
Wed, 08 Dec 2021 19:21:18 :: max_budget : 5000
Wed, 08 Dec 2021 19:21:18 :: number_of_BO_samples : [10]
Wed, 08 Dec 2021 19:21:18 :: continued_sampling_budget : 100
Wed, 08 Dec 2021 19:21:18 :: branching_factor : 2
Wed, 08 Dec 2021 19:21:18 :: nugget_mean : 0
Wed, 08 Dec 2021 19:21:18 :: nugget_std_dev : 0.001
Wed, 08 Dec 2021 19:21:18 :: start_seed : 10000
Wed, 08 Dec 2021 19:21:18 :: fv_quantiles_for_gp : [0.5, 0.95, 0.99]
Wed, 08 Dec 2021 19:21:18 :: BENCHMARK_NAME : Goldstein_1
Wed, 08 Dec 2021 19:21:18 :: NGP : 1000
Wed, 08 Dec 2021 19:21:18 :: **************************************************
Wed, 08 Dec 2021 19:21:18 :: Budget Used = 0
Wed, 08 Dec 2021 19:21:18 :: Budget Available (Max Budget) = 5000
Wed, 08 Dec 2021 19:21:18 :: **************************************************
Wed, 08 Dec 2021 19:21:18 :: **************************************************
Wed, 08 Dec 2021 19:21:18 :: ***************Replication Start******************
Wed, 08 Dec 2021 19:21:27 :: **************************************************
Wed, 08 Dec 2021 19:21:27 :: Classified regions = 0
Wed, 08 Dec 2021 19:21:27 :: Unclassified regions = 1
Wed, 08 Dec 2021 19:21:27 :: Unidentified regions = 0
Wed, 08 Dec 2021 19:21:27 :: Budget available for replication = 4980
Wed, 08 Dec 2021 19:21:27 :: **************************************************
Wed, 08 Dec 2021 19:21:43 :: **************************************************
Wed, 08 Dec 2021 19:21:43 :: Mid Classified regions = 0
Wed, 08 Dec 2021 19:21:43 :: Mid Unclassified regions = 2
Wed, 08 Dec 2021 19:21:43 :: Mid Unidentified regions = 0
Wed, 08 Dec 2021 19:21:43 :: Classified regions = 0
Wed, 08 Dec 2021 19:21:43 :: Unclassified regions = 2
Wed, 08 Dec 2021 19:21:43 :: Unidentified regions = 0
Wed, 08 Dec 2021 19:21:43 :: Budget available for replication = 4959
Wed, 08 Dec 2021 19:21:43 :: **************************************************
Wed, 08 Dec 2021 19:22:19 :: **************************************************
Wed, 08 Dec 2021 19:22:19 :: Mid Classified regions = 0
Wed, 08 Dec 2021 19:22:19 :: Mid Unclassified regions = 4
Wed, 08 Dec 2021 19:22:19 :: Mid Unidentified regions = 0
Wed, 08 Dec 2021 19:22:19 :: Classified regions = 0
Wed, 08 Dec 2021 19:22:19 :: Unclassified regions = 4
Wed, 08 Dec 2021 19:22:19 :: Unidentified regions = 0
Wed, 08 Dec 2021 19:22:19 :: Budget available for replication = 4910
Wed, 08 Dec 2021 19:22:19 :: **************************************************
Wed, 08 Dec 2021 19:23:44 :: **************************************************
Wed, 08 Dec 2021 19:23:44 :: Mid Classified regions = 2
Wed, 08 Dec 2021 19:23:44 :: Mid Unclassified regions = 6
Wed, 08 Dec 2021 19:23:44 :: Mid Unidentified regions = 0
Wed, 08 Dec 2021 19:24:32 :: Classified regions = 2
Wed, 08 Dec 2021 19:24:32 :: Unclassified regions = 6
Wed, 08 Dec 2021 19:24:32 :: Unidentified regions = 0
Wed, 08 Dec 2021 19:24:32 :: Budget available for replication = 4724
Wed, 08 Dec 2021 19:24:32 :: **************************************************
Wed, 08 Dec 2021 19:27:21 :: **************************************************
Wed, 08 Dec 2021 19:27:21 :: Mid Classified regions = 6
Wed, 08 Dec 2021 19:27:21 :: Mid Unclassified regions = 8
Wed, 08 Dec 2021 19:27:21 :: Mid Unidentified regions = 0
Wed, 08 Dec 2021 19:28:42 :: Classified regions = 6
Wed, 08 Dec 2021 19:28:42 :: Unclassified regions = 8
Wed, 08 Dec 2021 19:28:42 :: Unidentified regions = 0
Wed, 08 Dec 2021 19:28:42 :: Budget available for replication = 4471
Wed, 08 Dec 2021 19:28:42 :: **************************************************
Wed, 08 Dec 2021 19:33:03 :: **************************************************
Wed, 08 Dec 2021 19:33:03 :: Mid Classified regions = 10
Wed, 08 Dec 2021 19:33:03 :: Mid Unclassified regions = 12
Wed, 08 Dec 2021 19:33:03 :: Mid Unidentified regions = 0
Wed, 08 Dec 2021 19:34:25 :: Classified regions = 10
Wed, 08 Dec 2021 19:34:25 :: Unclassified regions = 12
Wed, 08 Dec 2021 19:34:25 :: Unidentified regions = 0
Wed, 08 Dec 2021 19:34:25 :: Budget available for replication = 4174
Wed, 08 Dec 2021 19:34:25 :: **************************************************
Wed, 08 Dec 2021 19:41:15 :: **************************************************
Wed, 08 Dec 2021 19:41:15 :: Mid Classified regions = 17
Wed, 08 Dec 2021 19:41:15 :: Mid Unclassified regions = 17
Wed, 08 Dec 2021 19:41:15 :: Mid Unidentified regions = 0
Wed, 08 Dec 2021 19:43:52 :: Classified regions = 17
Wed, 08 Dec 2021 19:43:52 :: Unclassified regions = 17
Wed, 08 Dec 2021 19:43:52 :: Unidentified regions = 0
Wed, 08 Dec 2021 19:43:52 :: Budget available for replication = 3759
Wed, 08 Dec 2021 19:43:52 :: **************************************************
Wed, 08 Dec 2021 19:52:20 :: **************************************************
Wed, 08 Dec 2021 19:52:20 :: Mid Classified regions = 28
Wed, 08 Dec 2021 19:52:20 :: Mid Unclassified regions = 23
Wed, 08 Dec 2021 19:52:20 :: Mid Unidentified regions = 0
Wed, 08 Dec 2021 19:56:38 :: Classified regions = 28
Wed, 08 Dec 2021 19:56:38 :: Unclassified regions = 23
Wed, 08 Dec 2021 19:56:38 :: Unidentified regions = 0
Wed, 08 Dec 2021 19:56:38 :: Budget available for replication = 3252
Wed, 08 Dec 2021 19:56:38 :: **************************************************
Wed, 08 Dec 2021 20:09:22 :: **************************************************
Wed, 08 Dec 2021 20:09:22 :: Mid Classified regions = 45
Wed, 08 Dec 2021 20:09:22 :: Mid Unclassified regions = 29
Wed, 08 Dec 2021 20:09:22 :: Mid Unidentified regions = 0
Wed, 08 Dec 2021 20:15:41 :: Classified regions = 45
Wed, 08 Dec 2021 20:15:41 :: Unclassified regions = 29
Wed, 08 Dec 2021 20:15:41 :: Unidentified regions = 0
Wed, 08 Dec 2021 20:15:41 :: Budget available for replication = 2559
Wed, 08 Dec 2021 20:15:41 :: **************************************************
Wed, 08 Dec 2021 20:32:01 :: **************************************************
Wed, 08 Dec 2021 20:32:01 :: Mid Classified regions = 61
Wed, 08 Dec 2021 20:32:01 :: Mid Unclassified regions = 42
Wed, 08 Dec 2021 20:32:01 :: Mid Unidentified regions = 0
Wed, 08 Dec 2021 20:41:06 :: Classified regions = 60
Wed, 08 Dec 2021 20:41:06 :: Unclassified regions = 43
Wed, 08 Dec 2021 20:41:06 :: Unidentified regions = 0
Wed, 08 Dec 2021 20:41:06 :: Budget available for replication = 1751
Wed, 08 Dec 2021 20:41:06 :: **************************************************
Wed, 08 Dec 2021 20:41:06 :: **************************************************
Wed, 08 Dec 2021 20:41:06 :: In the last act for replication 19:
Wed, 08 Dec 2021 20:41:06 :: Budget Used for replication 19 = 3249
Wed, 08 Dec 2021 20:41:06 :: Budget available for replication 19 = 1751
Wed, 08 Dec 2021 20:41:06 :: Classified regions = 60
Wed, 08 Dec 2021 20:41:06 :: Unclassified regions = 43
Wed, 08 Dec 2021 20:41:06 :: Unidentified regions = 0
Wed, 08 Dec 2021 20:41:06 :: **************************************************
Wed, 08 Dec 2021 21:23:20 :: **************************************************
Wed, 08 Dec 2021 21:23:20 :: **************************************************
Wed, 08 Dec 2021 21:23:20 :: ENDING replication 19:
Wed, 08 Dec 2021 21:23:20 :: Budget Used = 5000
Wed, 08 Dec 2021 21:23:20 :: Budget available = 0
Wed, 08 Dec 2021 21:23:20 :: **************************************************
Wed, 08 Dec 2021 21:23:20 :: **************************************************
Wed, 08 Dec 2021 21:23:20 :: ****************Replication END*******************
