Wed, 08 Dec 2021 19:21:18 :: Information about Replication 13
Wed, 08 Dec 2021 19:21:18 :: Running Goldstein_1 Replication 13 with seed 10013
Wed, 08 Dec 2021 19:21:18 :: **************************************************
Wed, 08 Dec 2021 19:21:18 :: Options File:
Wed, 08 Dec 2021 19:21:18 :: initial_region_support : [[[-1.  1.]
  [-1.  1.]]]
Wed, 08 Dec 2021 19:21:18 :: test_function_dimension : 2
Wed, 08 Dec 2021 19:21:18 :: alpha : [0.05]
Wed, 08 Dec 2021 19:21:18 :: M : 100
Wed, 08 Dec 2021 19:21:18 :: R : 10
Wed, 08 Dec 2021 19:21:18 :: delta : 0.001
Wed, 08 Dec 2021 19:21:18 :: uniform_partitioning : True
Wed, 08 Dec 2021 19:21:18 :: min_volume : 4e-06
Wed, 08 Dec 2021 19:21:18 :: initialization_budget : 10
Wed, 08 Dec 2021 19:21:18 :: max_budget : 5000
Wed, 08 Dec 2021 19:21:18 :: number_of_BO_samples : [10]
Wed, 08 Dec 2021 19:21:18 :: continued_sampling_budget : 100
Wed, 08 Dec 2021 19:21:18 :: branching_factor : 2
Wed, 08 Dec 2021 19:21:18 :: nugget_mean : 0
Wed, 08 Dec 2021 19:21:18 :: nugget_std_dev : 0.001
Wed, 08 Dec 2021 19:21:18 :: start_seed : 10000
Wed, 08 Dec 2021 19:21:18 :: fv_quantiles_for_gp : [0.5, 0.95, 0.99]
Wed, 08 Dec 2021 19:21:18 :: BENCHMARK_NAME : Goldstein_1
Wed, 08 Dec 2021 19:21:18 :: NGP : 1000
Wed, 08 Dec 2021 19:21:18 :: **************************************************
Wed, 08 Dec 2021 19:21:18 :: Budget Used = 0
Wed, 08 Dec 2021 19:21:18 :: Budget Available (Max Budget) = 5000
Wed, 08 Dec 2021 19:21:18 :: **************************************************
Wed, 08 Dec 2021 19:21:18 :: **************************************************
Wed, 08 Dec 2021 19:21:18 :: ***************Replication Start******************
Wed, 08 Dec 2021 19:21:27 :: **************************************************
Wed, 08 Dec 2021 19:21:27 :: Classified regions = 0
Wed, 08 Dec 2021 19:21:27 :: Unclassified regions = 1
Wed, 08 Dec 2021 19:21:27 :: Unidentified regions = 0
Wed, 08 Dec 2021 19:21:27 :: Budget available for replication = 4980
Wed, 08 Dec 2021 19:21:27 :: **************************************************
Wed, 08 Dec 2021 19:21:45 :: **************************************************
Wed, 08 Dec 2021 19:21:45 :: Mid Classified regions = 0
Wed, 08 Dec 2021 19:21:45 :: Mid Unclassified regions = 2
Wed, 08 Dec 2021 19:21:45 :: Mid Unidentified regions = 0
Wed, 08 Dec 2021 19:21:45 :: Classified regions = 0
Wed, 08 Dec 2021 19:21:45 :: Unclassified regions = 2
Wed, 08 Dec 2021 19:21:45 :: Unidentified regions = 0
Wed, 08 Dec 2021 19:21:45 :: Budget available for replication = 4959
Wed, 08 Dec 2021 19:21:45 :: **************************************************
Wed, 08 Dec 2021 19:22:25 :: **************************************************
Wed, 08 Dec 2021 19:22:25 :: Mid Classified regions = 0
Wed, 08 Dec 2021 19:22:25 :: Mid Unclassified regions = 4
Wed, 08 Dec 2021 19:22:25 :: Mid Unidentified regions = 0
Wed, 08 Dec 2021 19:22:25 :: Classified regions = 0
Wed, 08 Dec 2021 19:22:25 :: Unclassified regions = 4
Wed, 08 Dec 2021 19:22:25 :: Unidentified regions = 0
Wed, 08 Dec 2021 19:22:25 :: Budget available for replication = 4908
Wed, 08 Dec 2021 19:22:25 :: **************************************************
Wed, 08 Dec 2021 19:23:52 :: **************************************************
Wed, 08 Dec 2021 19:23:52 :: Mid Classified regions = 2
Wed, 08 Dec 2021 19:23:52 :: Mid Unclassified regions = 6
Wed, 08 Dec 2021 19:23:52 :: Mid Unidentified regions = 0
Wed, 08 Dec 2021 19:24:34 :: Classified regions = 2
Wed, 08 Dec 2021 19:24:34 :: Unclassified regions = 6
Wed, 08 Dec 2021 19:24:34 :: Unidentified regions = 0
Wed, 08 Dec 2021 19:24:34 :: Budget available for replication = 4727
Wed, 08 Dec 2021 19:24:34 :: **************************************************
Wed, 08 Dec 2021 19:27:14 :: **************************************************
Wed, 08 Dec 2021 19:27:14 :: Mid Classified regions = 7
Wed, 08 Dec 2021 19:27:14 :: Mid Unclassified regions = 7
Wed, 08 Dec 2021 19:27:14 :: Mid Unidentified regions = 0
Wed, 08 Dec 2021 19:28:21 :: Classified regions = 7
Wed, 08 Dec 2021 19:28:21 :: Unclassified regions = 7
Wed, 08 Dec 2021 19:28:21 :: Unidentified regions = 0
Wed, 08 Dec 2021 19:28:21 :: Budget available for replication = 4476
Wed, 08 Dec 2021 19:28:21 :: **************************************************
Wed, 08 Dec 2021 19:32:04 :: **************************************************
Wed, 08 Dec 2021 19:32:04 :: Mid Classified regions = 10
Wed, 08 Dec 2021 19:32:04 :: Mid Unclassified regions = 11
Wed, 08 Dec 2021 19:32:04 :: Mid Unidentified regions = 0
Wed, 08 Dec 2021 19:33:09 :: Classified regions = 10
Wed, 08 Dec 2021 19:33:09 :: Unclassified regions = 11
Wed, 08 Dec 2021 19:33:09 :: Unidentified regions = 0
Wed, 08 Dec 2021 19:33:09 :: Budget available for replication = 4202
Wed, 08 Dec 2021 19:33:09 :: **************************************************
Wed, 08 Dec 2021 19:38:57 :: **************************************************
Wed, 08 Dec 2021 19:38:57 :: Mid Classified regions = 17
Wed, 08 Dec 2021 19:38:57 :: Mid Unclassified regions = 15
Wed, 08 Dec 2021 19:38:57 :: Mid Unidentified regions = 0
Wed, 08 Dec 2021 19:41:09 :: Classified regions = 17
Wed, 08 Dec 2021 19:41:09 :: Unclassified regions = 15
Wed, 08 Dec 2021 19:41:09 :: Unidentified regions = 0
Wed, 08 Dec 2021 19:41:09 :: Budget available for replication = 3817
Wed, 08 Dec 2021 19:41:09 :: **************************************************
Wed, 08 Dec 2021 19:49:00 :: **************************************************
Wed, 08 Dec 2021 19:49:00 :: Mid Classified regions = 27
Wed, 08 Dec 2021 19:49:00 :: Mid Unclassified regions = 20
Wed, 08 Dec 2021 19:49:00 :: Mid Unidentified regions = 0
Wed, 08 Dec 2021 19:52:05 :: Classified regions = 27
Wed, 08 Dec 2021 19:52:05 :: Unclassified regions = 20
Wed, 08 Dec 2021 19:52:05 :: Unidentified regions = 0
Wed, 08 Dec 2021 19:52:05 :: Budget available for replication = 3361
Wed, 08 Dec 2021 19:52:05 :: **************************************************
Wed, 08 Dec 2021 20:04:01 :: **************************************************
Wed, 08 Dec 2021 20:04:01 :: Mid Classified regions = 44
Wed, 08 Dec 2021 20:04:01 :: Mid Unclassified regions = 23
Wed, 08 Dec 2021 20:04:01 :: Mid Unidentified regions = 0
Wed, 08 Dec 2021 20:09:42 :: Classified regions = 44
Wed, 08 Dec 2021 20:09:42 :: Unclassified regions = 23
Wed, 08 Dec 2021 20:09:42 :: Unidentified regions = 0
Wed, 08 Dec 2021 20:09:42 :: Budget available for replication = 2754
Wed, 08 Dec 2021 20:09:42 :: **************************************************
Wed, 08 Dec 2021 20:22:51 :: **************************************************
Wed, 08 Dec 2021 20:22:51 :: Mid Classified regions = 51
Wed, 08 Dec 2021 20:22:51 :: Mid Unclassified regions = 39
Wed, 08 Dec 2021 20:22:51 :: Mid Unidentified regions = 0
Wed, 08 Dec 2021 20:30:49 :: Classified regions = 51
Wed, 08 Dec 2021 20:30:49 :: Unclassified regions = 39
Wed, 08 Dec 2021 20:30:49 :: Unidentified regions = 0
Wed, 08 Dec 2021 20:30:49 :: Budget available for replication = 2089
Wed, 08 Dec 2021 20:30:49 :: **************************************************
Wed, 08 Dec 2021 20:56:11 :: **************************************************
Wed, 08 Dec 2021 20:56:11 :: Mid Classified regions = 79
Wed, 08 Dec 2021 20:56:11 :: Mid Unclassified regions = 50
Wed, 08 Dec 2021 20:56:11 :: Mid Unidentified regions = 0
Wed, 08 Dec 2021 21:10:14 :: Classified regions = 79
Wed, 08 Dec 2021 21:10:14 :: Unclassified regions = 50
Wed, 08 Dec 2021 21:10:14 :: Unidentified regions = 0
Wed, 08 Dec 2021 21:10:14 :: Budget available for replication = 992
Wed, 08 Dec 2021 21:10:14 :: **************************************************
Wed, 08 Dec 2021 21:10:14 :: **************************************************
Wed, 08 Dec 2021 21:10:14 :: In the last act for replication 13:
Wed, 08 Dec 2021 21:10:14 :: Budget Used for replication 13 = 4008
Wed, 08 Dec 2021 21:10:14 :: Budget available for replication 13 = 992
Wed, 08 Dec 2021 21:10:14 :: Classified regions = 79
Wed, 08 Dec 2021 21:10:14 :: Unclassified regions = 50
Wed, 08 Dec 2021 21:10:14 :: Unidentified regions = 0
Wed, 08 Dec 2021 21:10:14 :: **************************************************
Wed, 08 Dec 2021 21:46:06 :: **************************************************
Wed, 08 Dec 2021 21:46:06 :: **************************************************
Wed, 08 Dec 2021 21:46:06 :: ENDING replication 13:
Wed, 08 Dec 2021 21:46:06 :: Budget Used = 5000
Wed, 08 Dec 2021 21:46:06 :: Budget available = 0
Wed, 08 Dec 2021 21:46:06 :: **************************************************
Wed, 08 Dec 2021 21:46:06 :: **************************************************
Wed, 08 Dec 2021 21:46:06 :: ****************Replication END*******************
