Wed, 08 Dec 2021 19:21:18 :: Information about Replication 14
Wed, 08 Dec 2021 19:21:18 :: Running Goldstein_1 Replication 14 with seed 10014
Wed, 08 Dec 2021 19:21:18 :: **************************************************
Wed, 08 Dec 2021 19:21:18 :: Options File:
Wed, 08 Dec 2021 19:21:18 :: initial_region_support : [[[-1.  1.]
  [-1.  1.]]]
Wed, 08 Dec 2021 19:21:18 :: test_function_dimension : 2
Wed, 08 Dec 2021 19:21:18 :: alpha : [0.05]
Wed, 08 Dec 2021 19:21:18 :: M : 100
Wed, 08 Dec 2021 19:21:18 :: R : 10
Wed, 08 Dec 2021 19:21:18 :: delta : 0.001
Wed, 08 Dec 2021 19:21:18 :: uniform_partitioning : True
Wed, 08 Dec 2021 19:21:18 :: min_volume : 4e-06
Wed, 08 Dec 2021 19:21:18 :: initialization_budget : 10
Wed, 08 Dec 2021 19:21:18 :: max_budget : 5000
Wed, 08 Dec 2021 19:21:18 :: number_of_BO_samples : [10]
Wed, 08 Dec 2021 19:21:18 :: continued_sampling_budget : 100
Wed, 08 Dec 2021 19:21:18 :: branching_factor : 2
Wed, 08 Dec 2021 19:21:18 :: nugget_mean : 0
Wed, 08 Dec 2021 19:21:18 :: nugget_std_dev : 0.001
Wed, 08 Dec 2021 19:21:18 :: start_seed : 10000
Wed, 08 Dec 2021 19:21:18 :: fv_quantiles_for_gp : [0.5, 0.95, 0.99]
Wed, 08 Dec 2021 19:21:18 :: BENCHMARK_NAME : Goldstein_1
Wed, 08 Dec 2021 19:21:18 :: NGP : 1000
Wed, 08 Dec 2021 19:21:18 :: **************************************************
Wed, 08 Dec 2021 19:21:18 :: Budget Used = 0
Wed, 08 Dec 2021 19:21:18 :: Budget Available (Max Budget) = 5000
Wed, 08 Dec 2021 19:21:18 :: **************************************************
Wed, 08 Dec 2021 19:21:18 :: **************************************************
Wed, 08 Dec 2021 19:21:18 :: ***************Replication Start******************
Wed, 08 Dec 2021 19:21:28 :: **************************************************
Wed, 08 Dec 2021 19:21:28 :: Classified regions = 0
Wed, 08 Dec 2021 19:21:28 :: Unclassified regions = 1
Wed, 08 Dec 2021 19:21:28 :: Unidentified regions = 0
Wed, 08 Dec 2021 19:21:28 :: Budget available for replication = 4980
Wed, 08 Dec 2021 19:21:28 :: **************************************************
Wed, 08 Dec 2021 19:21:48 :: **************************************************
Wed, 08 Dec 2021 19:21:48 :: Mid Classified regions = 0
Wed, 08 Dec 2021 19:21:48 :: Mid Unclassified regions = 2
Wed, 08 Dec 2021 19:21:48 :: Mid Unidentified regions = 0
Wed, 08 Dec 2021 19:21:48 :: Classified regions = 0
Wed, 08 Dec 2021 19:21:48 :: Unclassified regions = 2
Wed, 08 Dec 2021 19:21:48 :: Unidentified regions = 0
Wed, 08 Dec 2021 19:21:48 :: Budget available for replication = 4959
Wed, 08 Dec 2021 19:21:48 :: **************************************************
Wed, 08 Dec 2021 19:22:27 :: **************************************************
Wed, 08 Dec 2021 19:22:27 :: Mid Classified regions = 0
Wed, 08 Dec 2021 19:22:27 :: Mid Unclassified regions = 4
Wed, 08 Dec 2021 19:22:27 :: Mid Unidentified regions = 0
Wed, 08 Dec 2021 19:22:27 :: Classified regions = 0
Wed, 08 Dec 2021 19:22:27 :: Unclassified regions = 4
Wed, 08 Dec 2021 19:22:27 :: Unidentified regions = 0
Wed, 08 Dec 2021 19:22:27 :: Budget available for replication = 4908
Wed, 08 Dec 2021 19:22:27 :: **************************************************
Wed, 08 Dec 2021 19:23:46 :: **************************************************
Wed, 08 Dec 2021 19:23:46 :: Mid Classified regions = 1
Wed, 08 Dec 2021 19:23:46 :: Mid Unclassified regions = 7
Wed, 08 Dec 2021 19:23:46 :: Mid Unidentified regions = 0
Wed, 08 Dec 2021 19:24:22 :: Classified regions = 1
Wed, 08 Dec 2021 19:24:22 :: Unclassified regions = 7
Wed, 08 Dec 2021 19:24:22 :: Unidentified regions = 0
Wed, 08 Dec 2021 19:24:22 :: Budget available for replication = 4724
Wed, 08 Dec 2021 19:24:22 :: **************************************************
Wed, 08 Dec 2021 19:27:32 :: **************************************************
Wed, 08 Dec 2021 19:27:32 :: Mid Classified regions = 8
Wed, 08 Dec 2021 19:27:32 :: Mid Unclassified regions = 7
Wed, 08 Dec 2021 19:27:32 :: Mid Unidentified regions = 0
Wed, 08 Dec 2021 19:28:57 :: Classified regions = 8
Wed, 08 Dec 2021 19:28:57 :: Unclassified regions = 7
Wed, 08 Dec 2021 19:28:57 :: Unidentified regions = 0
Wed, 08 Dec 2021 19:28:57 :: Budget available for replication = 4450
Wed, 08 Dec 2021 19:28:57 :: **************************************************
Wed, 08 Dec 2021 19:33:11 :: **************************************************
Wed, 08 Dec 2021 19:33:11 :: Mid Classified regions = 11
Wed, 08 Dec 2021 19:33:11 :: Mid Unclassified regions = 11
Wed, 08 Dec 2021 19:33:11 :: Mid Unidentified regions = 0
Wed, 08 Dec 2021 19:34:40 :: Classified regions = 10
Wed, 08 Dec 2021 19:34:40 :: Unclassified regions = 12
Wed, 08 Dec 2021 19:34:40 :: Unidentified regions = 0
Wed, 08 Dec 2021 19:34:40 :: Budget available for replication = 4171
Wed, 08 Dec 2021 19:34:40 :: **************************************************
Wed, 08 Dec 2021 19:42:41 :: **************************************************
Wed, 08 Dec 2021 19:42:41 :: Mid Classified regions = 16
Wed, 08 Dec 2021 19:42:41 :: Mid Unclassified regions = 18
Wed, 08 Dec 2021 19:42:41 :: Mid Unidentified regions = 0
Wed, 08 Dec 2021 19:44:54 :: Classified regions = 16
Wed, 08 Dec 2021 19:44:54 :: Unclassified regions = 18
Wed, 08 Dec 2021 19:44:54 :: Unidentified regions = 0
Wed, 08 Dec 2021 19:44:54 :: Budget available for replication = 3765
Wed, 08 Dec 2021 19:44:54 :: **************************************************
Wed, 08 Dec 2021 19:55:40 :: **************************************************
Wed, 08 Dec 2021 19:55:40 :: Mid Classified regions = 25
Wed, 08 Dec 2021 19:55:40 :: Mid Unclassified regions = 27
Wed, 08 Dec 2021 19:55:40 :: Mid Unidentified regions = 0
Wed, 08 Dec 2021 19:58:28 :: Classified regions = 25
Wed, 08 Dec 2021 19:58:28 :: Unclassified regions = 27
Wed, 08 Dec 2021 19:58:28 :: Unidentified regions = 0
Wed, 08 Dec 2021 19:58:28 :: Budget available for replication = 3241
Wed, 08 Dec 2021 19:58:28 :: **************************************************
Wed, 08 Dec 2021 20:14:37 :: **************************************************
Wed, 08 Dec 2021 20:14:37 :: Mid Classified regions = 40
Wed, 08 Dec 2021 20:14:37 :: Mid Unclassified regions = 39
Wed, 08 Dec 2021 20:14:37 :: Mid Unidentified regions = 0
Wed, 08 Dec 2021 20:20:35 :: Classified regions = 40
Wed, 08 Dec 2021 20:20:35 :: Unclassified regions = 39
Wed, 08 Dec 2021 20:20:35 :: Unidentified regions = 0
Wed, 08 Dec 2021 20:20:35 :: Budget available for replication = 2471
Wed, 08 Dec 2021 20:20:35 :: **************************************************
Wed, 08 Dec 2021 20:43:21 :: **************************************************
Wed, 08 Dec 2021 20:43:21 :: Mid Classified regions = 59
Wed, 08 Dec 2021 20:43:21 :: Mid Unclassified regions = 59
Wed, 08 Dec 2021 20:43:21 :: Mid Unidentified regions = 0
Wed, 08 Dec 2021 20:54:03 :: Classified regions = 59
Wed, 08 Dec 2021 20:54:03 :: Unclassified regions = 59
Wed, 08 Dec 2021 20:54:03 :: Unidentified regions = 0
Wed, 08 Dec 2021 20:54:03 :: Budget available for replication = 1447
Wed, 08 Dec 2021 20:54:03 :: **************************************************
Wed, 08 Dec 2021 20:54:03 :: **************************************************
Wed, 08 Dec 2021 20:54:03 :: In the last act for replication 14:
Wed, 08 Dec 2021 20:54:03 :: Budget Used for replication 14 = 3553
Wed, 08 Dec 2021 20:54:03 :: Budget available for replication 14 = 1447
Wed, 08 Dec 2021 20:54:03 :: Classified regions = 59
Wed, 08 Dec 2021 20:54:03 :: Unclassified regions = 59
Wed, 08 Dec 2021 20:54:03 :: Unidentified regions = 0
Wed, 08 Dec 2021 20:54:03 :: **************************************************
Wed, 08 Dec 2021 21:30:47 :: **************************************************
Wed, 08 Dec 2021 21:30:47 :: **************************************************
Wed, 08 Dec 2021 21:30:47 :: ENDING replication 14:
Wed, 08 Dec 2021 21:30:47 :: Budget Used = 5000
Wed, 08 Dec 2021 21:30:47 :: Budget available = 0
Wed, 08 Dec 2021 21:30:47 :: **************************************************
Wed, 08 Dec 2021 21:30:47 :: **************************************************
Wed, 08 Dec 2021 21:30:47 :: ****************Replication END*******************
