Wed, 08 Dec 2021 19:21:18 :: Information about Replication 3
Wed, 08 Dec 2021 19:21:18 :: Running Goldstein_1 Replication 3 with seed 10003
Wed, 08 Dec 2021 19:21:18 :: **************************************************
Wed, 08 Dec 2021 19:21:18 :: Options File:
Wed, 08 Dec 2021 19:21:18 :: initial_region_support : [[[-1.  1.]
  [-1.  1.]]]
Wed, 08 Dec 2021 19:21:18 :: test_function_dimension : 2
Wed, 08 Dec 2021 19:21:18 :: alpha : [0.05]
Wed, 08 Dec 2021 19:21:18 :: M : 100
Wed, 08 Dec 2021 19:21:18 :: R : 10
Wed, 08 Dec 2021 19:21:18 :: delta : 0.001
Wed, 08 Dec 2021 19:21:18 :: uniform_partitioning : True
Wed, 08 Dec 2021 19:21:18 :: min_volume : 4e-06
Wed, 08 Dec 2021 19:21:18 :: initialization_budget : 10
Wed, 08 Dec 2021 19:21:18 :: max_budget : 5000
Wed, 08 Dec 2021 19:21:18 :: number_of_BO_samples : [10]
Wed, 08 Dec 2021 19:21:18 :: continued_sampling_budget : 100
Wed, 08 Dec 2021 19:21:18 :: branching_factor : 2
Wed, 08 Dec 2021 19:21:18 :: nugget_mean : 0
Wed, 08 Dec 2021 19:21:18 :: nugget_std_dev : 0.001
Wed, 08 Dec 2021 19:21:18 :: start_seed : 10000
Wed, 08 Dec 2021 19:21:18 :: fv_quantiles_for_gp : [0.5, 0.95, 0.99]
Wed, 08 Dec 2021 19:21:18 :: BENCHMARK_NAME : Goldstein_1
Wed, 08 Dec 2021 19:21:18 :: NGP : 1000
Wed, 08 Dec 2021 19:21:18 :: **************************************************
Wed, 08 Dec 2021 19:21:18 :: Budget Used = 0
Wed, 08 Dec 2021 19:21:18 :: Budget Available (Max Budget) = 5000
Wed, 08 Dec 2021 19:21:18 :: **************************************************
Wed, 08 Dec 2021 19:21:18 :: **************************************************
Wed, 08 Dec 2021 19:21:18 :: ***************Replication Start******************
Wed, 08 Dec 2021 19:21:27 :: **************************************************
Wed, 08 Dec 2021 19:21:27 :: Classified regions = 0
Wed, 08 Dec 2021 19:21:27 :: Unclassified regions = 1
Wed, 08 Dec 2021 19:21:27 :: Unidentified regions = 0
Wed, 08 Dec 2021 19:21:27 :: Budget available for replication = 4980
Wed, 08 Dec 2021 19:21:27 :: **************************************************
Wed, 08 Dec 2021 19:21:46 :: **************************************************
Wed, 08 Dec 2021 19:21:46 :: Mid Classified regions = 0
Wed, 08 Dec 2021 19:21:46 :: Mid Unclassified regions = 2
Wed, 08 Dec 2021 19:21:46 :: Mid Unidentified regions = 0
Wed, 08 Dec 2021 19:21:46 :: Classified regions = 0
Wed, 08 Dec 2021 19:21:46 :: Unclassified regions = 2
Wed, 08 Dec 2021 19:21:46 :: Unidentified regions = 0
Wed, 08 Dec 2021 19:21:46 :: Budget available for replication = 4959
Wed, 08 Dec 2021 19:21:46 :: **************************************************
Wed, 08 Dec 2021 19:22:23 :: **************************************************
Wed, 08 Dec 2021 19:22:23 :: Mid Classified regions = 0
Wed, 08 Dec 2021 19:22:23 :: Mid Unclassified regions = 4
Wed, 08 Dec 2021 19:22:23 :: Mid Unidentified regions = 0
Wed, 08 Dec 2021 19:22:23 :: Classified regions = 0
Wed, 08 Dec 2021 19:22:23 :: Unclassified regions = 4
Wed, 08 Dec 2021 19:22:23 :: Unidentified regions = 0
Wed, 08 Dec 2021 19:22:23 :: Budget available for replication = 4908
Wed, 08 Dec 2021 19:22:23 :: **************************************************
Wed, 08 Dec 2021 19:23:52 :: **************************************************
Wed, 08 Dec 2021 19:23:52 :: Mid Classified regions = 2
Wed, 08 Dec 2021 19:23:52 :: Mid Unclassified regions = 6
Wed, 08 Dec 2021 19:23:52 :: Mid Unidentified regions = 0
Wed, 08 Dec 2021 19:24:47 :: Classified regions = 2
Wed, 08 Dec 2021 19:24:47 :: Unclassified regions = 6
Wed, 08 Dec 2021 19:24:47 :: Unidentified regions = 0
Wed, 08 Dec 2021 19:24:47 :: Budget available for replication = 4723
Wed, 08 Dec 2021 19:24:47 :: **************************************************
Wed, 08 Dec 2021 19:27:34 :: **************************************************
Wed, 08 Dec 2021 19:27:34 :: Mid Classified regions = 7
Wed, 08 Dec 2021 19:27:34 :: Mid Unclassified regions = 7
Wed, 08 Dec 2021 19:27:34 :: Mid Unidentified regions = 0
Wed, 08 Dec 2021 19:28:39 :: Classified regions = 7
Wed, 08 Dec 2021 19:28:39 :: Unclassified regions = 7
Wed, 08 Dec 2021 19:28:39 :: Unidentified regions = 0
Wed, 08 Dec 2021 19:28:39 :: Budget available for replication = 4476
Wed, 08 Dec 2021 19:28:39 :: **************************************************
Wed, 08 Dec 2021 19:32:17 :: **************************************************
Wed, 08 Dec 2021 19:32:17 :: Mid Classified regions = 10
Wed, 08 Dec 2021 19:32:17 :: Mid Unclassified regions = 11
Wed, 08 Dec 2021 19:32:17 :: Mid Unidentified regions = 0
Wed, 08 Dec 2021 19:33:53 :: Classified regions = 10
Wed, 08 Dec 2021 19:33:53 :: Unclassified regions = 11
Wed, 08 Dec 2021 19:33:53 :: Unidentified regions = 0
Wed, 08 Dec 2021 19:33:53 :: Budget available for replication = 4203
Wed, 08 Dec 2021 19:33:53 :: **************************************************
Wed, 08 Dec 2021 19:40:15 :: **************************************************
Wed, 08 Dec 2021 19:40:15 :: Mid Classified regions = 18
Wed, 08 Dec 2021 19:40:15 :: Mid Unclassified regions = 14
Wed, 08 Dec 2021 19:40:15 :: Mid Unidentified regions = 0
Wed, 08 Dec 2021 19:43:01 :: Classified regions = 18
Wed, 08 Dec 2021 19:43:01 :: Unclassified regions = 14
Wed, 08 Dec 2021 19:43:01 :: Unidentified regions = 0
Wed, 08 Dec 2021 19:43:01 :: Budget available for replication = 3815
Wed, 08 Dec 2021 19:43:01 :: **************************************************
Wed, 08 Dec 2021 19:50:23 :: **************************************************
Wed, 08 Dec 2021 19:50:23 :: Mid Classified regions = 25
Wed, 08 Dec 2021 19:50:23 :: Mid Unclassified regions = 21
Wed, 08 Dec 2021 19:50:23 :: Mid Unidentified regions = 0
Wed, 08 Dec 2021 19:54:26 :: Classified regions = 25
Wed, 08 Dec 2021 19:54:26 :: Unclassified regions = 21
Wed, 08 Dec 2021 19:54:26 :: Unidentified regions = 0
Wed, 08 Dec 2021 19:54:26 :: Budget available for replication = 3382
Wed, 08 Dec 2021 19:54:26 :: **************************************************
Wed, 08 Dec 2021 20:06:05 :: **************************************************
Wed, 08 Dec 2021 20:06:05 :: Mid Classified regions = 42
Wed, 08 Dec 2021 20:06:05 :: Mid Unclassified regions = 25
Wed, 08 Dec 2021 20:06:05 :: Mid Unidentified regions = 0
Wed, 08 Dec 2021 20:12:49 :: Classified regions = 42
Wed, 08 Dec 2021 20:12:49 :: Unclassified regions = 25
Wed, 08 Dec 2021 20:12:49 :: Unidentified regions = 0
Wed, 08 Dec 2021 20:12:49 :: Budget available for replication = 2732
Wed, 08 Dec 2021 20:12:49 :: **************************************************
Wed, 08 Dec 2021 20:27:14 :: **************************************************
Wed, 08 Dec 2021 20:27:14 :: Mid Classified regions = 53
Wed, 08 Dec 2021 20:27:14 :: Mid Unclassified regions = 39
Wed, 08 Dec 2021 20:27:14 :: Mid Unidentified regions = 0
Wed, 08 Dec 2021 20:35:24 :: Classified regions = 53
Wed, 08 Dec 2021 20:35:24 :: Unclassified regions = 39
Wed, 08 Dec 2021 20:35:24 :: Unidentified regions = 0
Wed, 08 Dec 2021 20:35:24 :: Budget available for replication = 2025
Wed, 08 Dec 2021 20:35:24 :: **************************************************
Wed, 08 Dec 2021 21:00:45 :: **************************************************
Wed, 08 Dec 2021 21:00:45 :: Mid Classified regions = 82
Wed, 08 Dec 2021 21:00:45 :: Mid Unclassified regions = 49
Wed, 08 Dec 2021 21:00:45 :: Mid Unidentified regions = 0
Wed, 08 Dec 2021 21:15:55 :: Classified regions = 82
Wed, 08 Dec 2021 21:15:55 :: Unclassified regions = 49
Wed, 08 Dec 2021 21:15:55 :: Unidentified regions = 0
Wed, 08 Dec 2021 21:15:55 :: Budget available for replication = 911
Wed, 08 Dec 2021 21:15:55 :: **************************************************
Wed, 08 Dec 2021 21:15:55 :: **************************************************
Wed, 08 Dec 2021 21:15:55 :: In the last act for replication 3:
Wed, 08 Dec 2021 21:15:55 :: Budget Used for replication 3 = 4089
Wed, 08 Dec 2021 21:15:55 :: Budget available for replication 3 = 911
Wed, 08 Dec 2021 21:15:55 :: Classified regions = 82
Wed, 08 Dec 2021 21:15:55 :: Unclassified regions = 49
Wed, 08 Dec 2021 21:15:55 :: Unidentified regions = 0
Wed, 08 Dec 2021 21:15:55 :: **************************************************
Wed, 08 Dec 2021 21:50:05 :: **************************************************
Wed, 08 Dec 2021 21:50:05 :: **************************************************
Wed, 08 Dec 2021 21:50:05 :: ENDING replication 3:
Wed, 08 Dec 2021 21:50:05 :: Budget Used = 5000
Wed, 08 Dec 2021 21:50:05 :: Budget available = 0
Wed, 08 Dec 2021 21:50:05 :: **************************************************
Wed, 08 Dec 2021 21:50:05 :: **************************************************
Wed, 08 Dec 2021 21:50:05 :: ****************Replication END*******************
