Wed, 08 Dec 2021 19:21:18 :: Information about Replication 4
Wed, 08 Dec 2021 19:21:18 :: Running Goldstein_1 Replication 4 with seed 10004
Wed, 08 Dec 2021 19:21:18 :: **************************************************
Wed, 08 Dec 2021 19:21:18 :: Options File:
Wed, 08 Dec 2021 19:21:18 :: initial_region_support : [[[-1.  1.]
  [-1.  1.]]]
Wed, 08 Dec 2021 19:21:18 :: test_function_dimension : 2
Wed, 08 Dec 2021 19:21:18 :: alpha : [0.05]
Wed, 08 Dec 2021 19:21:18 :: M : 100
Wed, 08 Dec 2021 19:21:18 :: R : 10
Wed, 08 Dec 2021 19:21:18 :: delta : 0.001
Wed, 08 Dec 2021 19:21:18 :: uniform_partitioning : True
Wed, 08 Dec 2021 19:21:18 :: min_volume : 4e-06
Wed, 08 Dec 2021 19:21:18 :: initialization_budget : 10
Wed, 08 Dec 2021 19:21:18 :: max_budget : 5000
Wed, 08 Dec 2021 19:21:18 :: number_of_BO_samples : [10]
Wed, 08 Dec 2021 19:21:18 :: continued_sampling_budget : 100
Wed, 08 Dec 2021 19:21:18 :: branching_factor : 2
Wed, 08 Dec 2021 19:21:18 :: nugget_mean : 0
Wed, 08 Dec 2021 19:21:18 :: nugget_std_dev : 0.001
Wed, 08 Dec 2021 19:21:18 :: start_seed : 10000
Wed, 08 Dec 2021 19:21:18 :: fv_quantiles_for_gp : [0.5, 0.95, 0.99]
Wed, 08 Dec 2021 19:21:18 :: BENCHMARK_NAME : Goldstein_1
Wed, 08 Dec 2021 19:21:18 :: NGP : 1000
Wed, 08 Dec 2021 19:21:18 :: **************************************************
Wed, 08 Dec 2021 19:21:18 :: Budget Used = 0
Wed, 08 Dec 2021 19:21:18 :: Budget Available (Max Budget) = 5000
Wed, 08 Dec 2021 19:21:18 :: **************************************************
Wed, 08 Dec 2021 19:21:18 :: **************************************************
Wed, 08 Dec 2021 19:21:18 :: ***************Replication Start******************
Wed, 08 Dec 2021 19:21:27 :: **************************************************
Wed, 08 Dec 2021 19:21:27 :: Classified regions = 0
Wed, 08 Dec 2021 19:21:27 :: Unclassified regions = 1
Wed, 08 Dec 2021 19:21:27 :: Unidentified regions = 0
Wed, 08 Dec 2021 19:21:27 :: Budget available for replication = 4980
Wed, 08 Dec 2021 19:21:27 :: **************************************************
Wed, 08 Dec 2021 19:21:44 :: **************************************************
Wed, 08 Dec 2021 19:21:44 :: Mid Classified regions = 0
Wed, 08 Dec 2021 19:21:44 :: Mid Unclassified regions = 2
Wed, 08 Dec 2021 19:21:44 :: Mid Unidentified regions = 0
Wed, 08 Dec 2021 19:21:44 :: Classified regions = 0
Wed, 08 Dec 2021 19:21:44 :: Unclassified regions = 2
Wed, 08 Dec 2021 19:21:44 :: Unidentified regions = 0
Wed, 08 Dec 2021 19:21:44 :: Budget available for replication = 4960
Wed, 08 Dec 2021 19:21:44 :: **************************************************
Wed, 08 Dec 2021 19:22:22 :: **************************************************
Wed, 08 Dec 2021 19:22:22 :: Mid Classified regions = 0
Wed, 08 Dec 2021 19:22:22 :: Mid Unclassified regions = 4
Wed, 08 Dec 2021 19:22:22 :: Mid Unidentified regions = 0
Wed, 08 Dec 2021 19:22:22 :: Classified regions = 0
Wed, 08 Dec 2021 19:22:22 :: Unclassified regions = 4
Wed, 08 Dec 2021 19:22:22 :: Unidentified regions = 0
Wed, 08 Dec 2021 19:22:22 :: Budget available for replication = 4910
Wed, 08 Dec 2021 19:22:22 :: **************************************************
Wed, 08 Dec 2021 19:23:41 :: **************************************************
Wed, 08 Dec 2021 19:23:41 :: Mid Classified regions = 2
Wed, 08 Dec 2021 19:23:41 :: Mid Unclassified regions = 6
Wed, 08 Dec 2021 19:23:41 :: Mid Unidentified regions = 0
Wed, 08 Dec 2021 19:24:24 :: Classified regions = 2
Wed, 08 Dec 2021 19:24:24 :: Unclassified regions = 6
Wed, 08 Dec 2021 19:24:24 :: Unidentified regions = 0
Wed, 08 Dec 2021 19:24:24 :: Budget available for replication = 4723
Wed, 08 Dec 2021 19:24:24 :: **************************************************
Wed, 08 Dec 2021 19:27:10 :: **************************************************
Wed, 08 Dec 2021 19:27:10 :: Mid Classified regions = 6
Wed, 08 Dec 2021 19:27:10 :: Mid Unclassified regions = 8
Wed, 08 Dec 2021 19:27:10 :: Mid Unidentified regions = 0
Wed, 08 Dec 2021 19:28:06 :: Classified regions = 6
Wed, 08 Dec 2021 19:28:06 :: Unclassified regions = 8
Wed, 08 Dec 2021 19:28:06 :: Unidentified regions = 0
Wed, 08 Dec 2021 19:28:06 :: Budget available for replication = 4464
Wed, 08 Dec 2021 19:28:06 :: **************************************************
Wed, 08 Dec 2021 19:32:44 :: **************************************************
Wed, 08 Dec 2021 19:32:44 :: Mid Classified regions = 10
Wed, 08 Dec 2021 19:32:44 :: Mid Unclassified regions = 12
Wed, 08 Dec 2021 19:32:44 :: Mid Unidentified regions = 0
Wed, 08 Dec 2021 19:34:01 :: Classified regions = 10
Wed, 08 Dec 2021 19:34:01 :: Unclassified regions = 12
Wed, 08 Dec 2021 19:34:01 :: Unidentified regions = 0
Wed, 08 Dec 2021 19:34:01 :: Budget available for replication = 4168
Wed, 08 Dec 2021 19:34:01 :: **************************************************
Wed, 08 Dec 2021 19:40:50 :: **************************************************
Wed, 08 Dec 2021 19:40:50 :: Mid Classified regions = 16
Wed, 08 Dec 2021 19:40:50 :: Mid Unclassified regions = 18
Wed, 08 Dec 2021 19:40:50 :: Mid Unidentified regions = 0
Wed, 08 Dec 2021 19:42:47 :: Classified regions = 16
Wed, 08 Dec 2021 19:42:47 :: Unclassified regions = 18
Wed, 08 Dec 2021 19:42:47 :: Unidentified regions = 0
Wed, 08 Dec 2021 19:42:47 :: Budget available for replication = 3752
Wed, 08 Dec 2021 19:42:47 :: **************************************************
Wed, 08 Dec 2021 19:51:56 :: **************************************************
Wed, 08 Dec 2021 19:51:56 :: Mid Classified regions = 28
Wed, 08 Dec 2021 19:51:56 :: Mid Unclassified regions = 24
Wed, 08 Dec 2021 19:51:56 :: Mid Unidentified regions = 0
Wed, 08 Dec 2021 19:55:47 :: Classified regions = 28
Wed, 08 Dec 2021 19:55:47 :: Unclassified regions = 24
Wed, 08 Dec 2021 19:55:47 :: Unidentified regions = 0
Wed, 08 Dec 2021 19:55:47 :: Budget available for replication = 3232
Wed, 08 Dec 2021 19:55:47 :: **************************************************
Wed, 08 Dec 2021 20:09:17 :: **************************************************
Wed, 08 Dec 2021 20:09:17 :: Mid Classified regions = 45
Wed, 08 Dec 2021 20:09:17 :: Mid Unclassified regions = 31
Wed, 08 Dec 2021 20:09:17 :: Mid Unidentified regions = 0
Wed, 08 Dec 2021 20:15:16 :: Classified regions = 45
Wed, 08 Dec 2021 20:15:16 :: Unclassified regions = 31
Wed, 08 Dec 2021 20:15:16 :: Unidentified regions = 0
Wed, 08 Dec 2021 20:15:16 :: Budget available for replication = 2517
Wed, 08 Dec 2021 20:15:16 :: **************************************************
Wed, 08 Dec 2021 20:32:00 :: **************************************************
Wed, 08 Dec 2021 20:32:00 :: Mid Classified regions = 67
Wed, 08 Dec 2021 20:32:00 :: Mid Unclassified regions = 40
Wed, 08 Dec 2021 20:32:00 :: Mid Unidentified regions = 0
Wed, 08 Dec 2021 20:43:29 :: Classified regions = 66
Wed, 08 Dec 2021 20:43:29 :: Unclassified regions = 41
Wed, 08 Dec 2021 20:43:29 :: Unidentified regions = 0
Wed, 08 Dec 2021 20:43:29 :: Budget available for replication = 1665
Wed, 08 Dec 2021 20:43:29 :: **************************************************
Wed, 08 Dec 2021 20:43:29 :: **************************************************
Wed, 08 Dec 2021 20:43:29 :: In the last act for replication 4:
Wed, 08 Dec 2021 20:43:29 :: Budget Used for replication 4 = 3335
Wed, 08 Dec 2021 20:43:29 :: Budget available for replication 4 = 1665
Wed, 08 Dec 2021 20:43:29 :: Classified regions = 66
Wed, 08 Dec 2021 20:43:29 :: Unclassified regions = 41
Wed, 08 Dec 2021 20:43:29 :: Unidentified regions = 0
Wed, 08 Dec 2021 20:43:29 :: **************************************************
Wed, 08 Dec 2021 21:22:43 :: **************************************************
Wed, 08 Dec 2021 21:22:43 :: **************************************************
Wed, 08 Dec 2021 21:22:43 :: ENDING replication 4:
Wed, 08 Dec 2021 21:22:43 :: Budget Used = 5000
Wed, 08 Dec 2021 21:22:43 :: Budget available = 0
Wed, 08 Dec 2021 21:22:43 :: **************************************************
Wed, 08 Dec 2021 21:22:43 :: **************************************************
Wed, 08 Dec 2021 21:22:43 :: ****************Replication END*******************
