Wed, 08 Dec 2021 19:21:18 :: Information about Replication 12
Wed, 08 Dec 2021 19:21:18 :: Running Goldstein_1 Replication 12 with seed 10012
Wed, 08 Dec 2021 19:21:18 :: **************************************************
Wed, 08 Dec 2021 19:21:18 :: Options File:
Wed, 08 Dec 2021 19:21:18 :: initial_region_support : [[[-1.  1.]
  [-1.  1.]]]
Wed, 08 Dec 2021 19:21:18 :: test_function_dimension : 2
Wed, 08 Dec 2021 19:21:18 :: alpha : [0.05]
Wed, 08 Dec 2021 19:21:18 :: M : 100
Wed, 08 Dec 2021 19:21:18 :: R : 10
Wed, 08 Dec 2021 19:21:18 :: delta : 0.001
Wed, 08 Dec 2021 19:21:18 :: uniform_partitioning : True
Wed, 08 Dec 2021 19:21:18 :: min_volume : 4e-06
Wed, 08 Dec 2021 19:21:18 :: initialization_budget : 10
Wed, 08 Dec 2021 19:21:18 :: max_budget : 5000
Wed, 08 Dec 2021 19:21:18 :: number_of_BO_samples : [10]
Wed, 08 Dec 2021 19:21:18 :: continued_sampling_budget : 100
Wed, 08 Dec 2021 19:21:18 :: branching_factor : 2
Wed, 08 Dec 2021 19:21:18 :: nugget_mean : 0
Wed, 08 Dec 2021 19:21:18 :: nugget_std_dev : 0.001
Wed, 08 Dec 2021 19:21:18 :: start_seed : 10000
Wed, 08 Dec 2021 19:21:18 :: fv_quantiles_for_gp : [0.5, 0.95, 0.99]
Wed, 08 Dec 2021 19:21:18 :: BENCHMARK_NAME : Goldstein_1
Wed, 08 Dec 2021 19:21:18 :: NGP : 1000
Wed, 08 Dec 2021 19:21:18 :: **************************************************
Wed, 08 Dec 2021 19:21:18 :: Budget Used = 0
Wed, 08 Dec 2021 19:21:18 :: Budget Available (Max Budget) = 5000
Wed, 08 Dec 2021 19:21:18 :: **************************************************
Wed, 08 Dec 2021 19:21:18 :: **************************************************
Wed, 08 Dec 2021 19:21:18 :: ***************Replication Start******************
Wed, 08 Dec 2021 19:21:27 :: **************************************************
Wed, 08 Dec 2021 19:21:27 :: Classified regions = 0
Wed, 08 Dec 2021 19:21:27 :: Unclassified regions = 1
Wed, 08 Dec 2021 19:21:27 :: Unidentified regions = 0
Wed, 08 Dec 2021 19:21:27 :: Budget available for replication = 4980
Wed, 08 Dec 2021 19:21:27 :: **************************************************
Wed, 08 Dec 2021 19:21:45 :: **************************************************
Wed, 08 Dec 2021 19:21:45 :: Mid Classified regions = 0
Wed, 08 Dec 2021 19:21:45 :: Mid Unclassified regions = 2
Wed, 08 Dec 2021 19:21:45 :: Mid Unidentified regions = 0
Wed, 08 Dec 2021 19:21:45 :: Classified regions = 0
Wed, 08 Dec 2021 19:21:45 :: Unclassified regions = 2
Wed, 08 Dec 2021 19:21:45 :: Unidentified regions = 0
Wed, 08 Dec 2021 19:21:45 :: Budget available for replication = 4955
Wed, 08 Dec 2021 19:21:45 :: **************************************************
Wed, 08 Dec 2021 19:22:23 :: **************************************************
Wed, 08 Dec 2021 19:22:23 :: Mid Classified regions = 0
Wed, 08 Dec 2021 19:22:23 :: Mid Unclassified regions = 4
Wed, 08 Dec 2021 19:22:23 :: Mid Unidentified regions = 0
Wed, 08 Dec 2021 19:22:23 :: Classified regions = 0
Wed, 08 Dec 2021 19:22:23 :: Unclassified regions = 4
Wed, 08 Dec 2021 19:22:23 :: Unidentified regions = 0
Wed, 08 Dec 2021 19:22:23 :: Budget available for replication = 4913
Wed, 08 Dec 2021 19:22:23 :: **************************************************
Wed, 08 Dec 2021 19:23:42 :: **************************************************
Wed, 08 Dec 2021 19:23:42 :: Mid Classified regions = 2
Wed, 08 Dec 2021 19:23:42 :: Mid Unclassified regions = 6
Wed, 08 Dec 2021 19:23:42 :: Mid Unidentified regions = 0
Wed, 08 Dec 2021 19:24:26 :: Classified regions = 2
Wed, 08 Dec 2021 19:24:26 :: Unclassified regions = 6
Wed, 08 Dec 2021 19:24:26 :: Unidentified regions = 0
Wed, 08 Dec 2021 19:24:26 :: Budget available for replication = 4716
Wed, 08 Dec 2021 19:24:26 :: **************************************************
Wed, 08 Dec 2021 19:27:23 :: **************************************************
Wed, 08 Dec 2021 19:27:23 :: Mid Classified regions = 6
Wed, 08 Dec 2021 19:27:23 :: Mid Unclassified regions = 8
Wed, 08 Dec 2021 19:27:23 :: Mid Unidentified regions = 0
Wed, 08 Dec 2021 19:29:05 :: Classified regions = 6
Wed, 08 Dec 2021 19:29:05 :: Unclassified regions = 8
Wed, 08 Dec 2021 19:29:05 :: Unidentified regions = 0
Wed, 08 Dec 2021 19:29:05 :: Budget available for replication = 4472
Wed, 08 Dec 2021 19:29:05 :: **************************************************
Wed, 08 Dec 2021 19:32:56 :: **************************************************
Wed, 08 Dec 2021 19:32:56 :: Mid Classified regions = 8
Wed, 08 Dec 2021 19:32:56 :: Mid Unclassified regions = 14
Wed, 08 Dec 2021 19:32:56 :: Mid Unidentified regions = 0
Wed, 08 Dec 2021 19:34:17 :: Classified regions = 8
Wed, 08 Dec 2021 19:34:17 :: Unclassified regions = 14
Wed, 08 Dec 2021 19:34:17 :: Unidentified regions = 0
Wed, 08 Dec 2021 19:34:17 :: Budget available for replication = 4171
Wed, 08 Dec 2021 19:34:17 :: **************************************************
Wed, 08 Dec 2021 19:41:51 :: **************************************************
Wed, 08 Dec 2021 19:41:51 :: Mid Classified regions = 15
Wed, 08 Dec 2021 19:41:51 :: Mid Unclassified regions = 21
Wed, 08 Dec 2021 19:41:51 :: Mid Unidentified regions = 0
Wed, 08 Dec 2021 19:44:23 :: Classified regions = 15
Wed, 08 Dec 2021 19:44:23 :: Unclassified regions = 21
Wed, 08 Dec 2021 19:44:23 :: Unidentified regions = 0
Wed, 08 Dec 2021 19:44:23 :: Budget available for replication = 3723
Wed, 08 Dec 2021 19:44:23 :: **************************************************
Wed, 08 Dec 2021 19:54:48 :: **************************************************
Wed, 08 Dec 2021 19:54:48 :: Mid Classified regions = 31
Wed, 08 Dec 2021 19:54:48 :: Mid Unclassified regions = 26
Wed, 08 Dec 2021 19:54:48 :: Mid Unidentified regions = 0
Wed, 08 Dec 2021 19:58:21 :: Classified regions = 31
Wed, 08 Dec 2021 19:58:21 :: Unclassified regions = 26
Wed, 08 Dec 2021 19:58:21 :: Unidentified regions = 0
Wed, 08 Dec 2021 19:58:21 :: Budget available for replication = 3098
Wed, 08 Dec 2021 19:58:21 :: **************************************************
Wed, 08 Dec 2021 20:12:33 :: **************************************************
Wed, 08 Dec 2021 20:12:33 :: Mid Classified regions = 51
Wed, 08 Dec 2021 20:12:33 :: Mid Unclassified regions = 32
Wed, 08 Dec 2021 20:12:33 :: Mid Unidentified regions = 0
Wed, 08 Dec 2021 20:18:41 :: Classified regions = 51
Wed, 08 Dec 2021 20:18:41 :: Unclassified regions = 32
Wed, 08 Dec 2021 20:18:41 :: Unidentified regions = 0
Wed, 08 Dec 2021 20:18:41 :: Budget available for replication = 2367
Wed, 08 Dec 2021 20:18:41 :: **************************************************
Wed, 08 Dec 2021 20:36:04 :: **************************************************
Wed, 08 Dec 2021 20:36:04 :: Mid Classified regions = 75
Wed, 08 Dec 2021 20:36:04 :: Mid Unclassified regions = 40
Wed, 08 Dec 2021 20:36:04 :: Mid Unidentified regions = 0
Wed, 08 Dec 2021 20:45:18 :: Classified regions = 75
Wed, 08 Dec 2021 20:45:18 :: Unclassified regions = 40
Wed, 08 Dec 2021 20:45:18 :: Unidentified regions = 0
Wed, 08 Dec 2021 20:45:18 :: Budget available for replication = 1453
Wed, 08 Dec 2021 20:45:18 :: **************************************************
Wed, 08 Dec 2021 20:45:18 :: **************************************************
Wed, 08 Dec 2021 20:45:18 :: In the last act for replication 12:
Wed, 08 Dec 2021 20:45:18 :: Budget Used for replication 12 = 3547
Wed, 08 Dec 2021 20:45:18 :: Budget available for replication 12 = 1453
Wed, 08 Dec 2021 20:45:18 :: Classified regions = 75
Wed, 08 Dec 2021 20:45:18 :: Unclassified regions = 40
Wed, 08 Dec 2021 20:45:18 :: Unidentified regions = 0
Wed, 08 Dec 2021 20:45:18 :: **************************************************
Wed, 08 Dec 2021 21:26:19 :: **************************************************
Wed, 08 Dec 2021 21:26:19 :: **************************************************
Wed, 08 Dec 2021 21:26:19 :: ENDING replication 12:
Wed, 08 Dec 2021 21:26:19 :: Budget Used = 5000
Wed, 08 Dec 2021 21:26:19 :: Budget available = 0
Wed, 08 Dec 2021 21:26:19 :: **************************************************
Wed, 08 Dec 2021 21:26:19 :: **************************************************
Wed, 08 Dec 2021 21:26:19 :: ****************Replication END*******************
