Wed, 08 Dec 2021 19:21:18 :: Information about Replication 6
Wed, 08 Dec 2021 19:21:18 :: Running Goldstein_1 Replication 6 with seed 10006
Wed, 08 Dec 2021 19:21:18 :: **************************************************
Wed, 08 Dec 2021 19:21:18 :: Options File:
Wed, 08 Dec 2021 19:21:18 :: initial_region_support : [[[-1.  1.]
  [-1.  1.]]]
Wed, 08 Dec 2021 19:21:18 :: test_function_dimension : 2
Wed, 08 Dec 2021 19:21:18 :: alpha : [0.05]
Wed, 08 Dec 2021 19:21:18 :: M : 100
Wed, 08 Dec 2021 19:21:18 :: R : 10
Wed, 08 Dec 2021 19:21:18 :: delta : 0.001
Wed, 08 Dec 2021 19:21:18 :: uniform_partitioning : True
Wed, 08 Dec 2021 19:21:18 :: min_volume : 4e-06
Wed, 08 Dec 2021 19:21:18 :: initialization_budget : 10
Wed, 08 Dec 2021 19:21:18 :: max_budget : 5000
Wed, 08 Dec 2021 19:21:18 :: number_of_BO_samples : [10]
Wed, 08 Dec 2021 19:21:18 :: continued_sampling_budget : 100
Wed, 08 Dec 2021 19:21:18 :: branching_factor : 2
Wed, 08 Dec 2021 19:21:18 :: nugget_mean : 0
Wed, 08 Dec 2021 19:21:18 :: nugget_std_dev : 0.001
Wed, 08 Dec 2021 19:21:18 :: start_seed : 10000
Wed, 08 Dec 2021 19:21:18 :: fv_quantiles_for_gp : [0.5, 0.95, 0.99]
Wed, 08 Dec 2021 19:21:18 :: BENCHMARK_NAME : Goldstein_1
Wed, 08 Dec 2021 19:21:18 :: NGP : 1000
Wed, 08 Dec 2021 19:21:18 :: **************************************************
Wed, 08 Dec 2021 19:21:18 :: Budget Used = 0
Wed, 08 Dec 2021 19:21:18 :: Budget Available (Max Budget) = 5000
Wed, 08 Dec 2021 19:21:18 :: **************************************************
Wed, 08 Dec 2021 19:21:18 :: **************************************************
Wed, 08 Dec 2021 19:21:18 :: ***************Replication Start******************
Wed, 08 Dec 2021 19:21:27 :: **************************************************
Wed, 08 Dec 2021 19:21:27 :: Classified regions = 0
Wed, 08 Dec 2021 19:21:27 :: Unclassified regions = 1
Wed, 08 Dec 2021 19:21:27 :: Unidentified regions = 0
Wed, 08 Dec 2021 19:21:27 :: Budget available for replication = 4980
Wed, 08 Dec 2021 19:21:27 :: **************************************************
Wed, 08 Dec 2021 19:21:46 :: **************************************************
Wed, 08 Dec 2021 19:21:46 :: Mid Classified regions = 0
Wed, 08 Dec 2021 19:21:46 :: Mid Unclassified regions = 2
Wed, 08 Dec 2021 19:21:46 :: Mid Unidentified regions = 0
Wed, 08 Dec 2021 19:21:46 :: Classified regions = 0
Wed, 08 Dec 2021 19:21:46 :: Unclassified regions = 2
Wed, 08 Dec 2021 19:21:46 :: Unidentified regions = 0
Wed, 08 Dec 2021 19:21:46 :: Budget available for replication = 4955
Wed, 08 Dec 2021 19:21:46 :: **************************************************
Wed, 08 Dec 2021 19:22:22 :: **************************************************
Wed, 08 Dec 2021 19:22:22 :: Mid Classified regions = 1
Wed, 08 Dec 2021 19:22:22 :: Mid Unclassified regions = 3
Wed, 08 Dec 2021 19:22:22 :: Mid Unidentified regions = 0
Wed, 08 Dec 2021 19:23:06 :: Classified regions = 1
Wed, 08 Dec 2021 19:23:06 :: Unclassified regions = 3
Wed, 08 Dec 2021 19:23:06 :: Unidentified regions = 0
Wed, 08 Dec 2021 19:23:06 :: Budget available for replication = 4809
Wed, 08 Dec 2021 19:23:06 :: **************************************************
Wed, 08 Dec 2021 19:24:13 :: **************************************************
Wed, 08 Dec 2021 19:24:13 :: Mid Classified regions = 3
Wed, 08 Dec 2021 19:24:13 :: Mid Unclassified regions = 4
Wed, 08 Dec 2021 19:24:13 :: Mid Unidentified regions = 0
Wed, 08 Dec 2021 19:25:25 :: Classified regions = 3
Wed, 08 Dec 2021 19:25:25 :: Unclassified regions = 4
Wed, 08 Dec 2021 19:25:25 :: Unidentified regions = 0
Wed, 08 Dec 2021 19:25:25 :: Budget available for replication = 4641
Wed, 08 Dec 2021 19:25:25 :: **************************************************
Wed, 08 Dec 2021 19:27:13 :: **************************************************
Wed, 08 Dec 2021 19:27:14 :: Mid Classified regions = 3
Wed, 08 Dec 2021 19:27:14 :: Mid Unclassified regions = 8
Wed, 08 Dec 2021 19:27:14 :: Mid Unidentified regions = 0
Wed, 08 Dec 2021 19:28:18 :: Classified regions = 2
Wed, 08 Dec 2021 19:28:18 :: Unclassified regions = 9
Wed, 08 Dec 2021 19:28:18 :: Unidentified regions = 0
Wed, 08 Dec 2021 19:28:18 :: Budget available for replication = 4447
Wed, 08 Dec 2021 19:28:18 :: **************************************************
Wed, 08 Dec 2021 19:33:06 :: **************************************************
Wed, 08 Dec 2021 19:33:06 :: Mid Classified regions = 5
Wed, 08 Dec 2021 19:33:06 :: Mid Unclassified regions = 15
Wed, 08 Dec 2021 19:33:06 :: Mid Unidentified regions = 0
Wed, 08 Dec 2021 19:34:41 :: Classified regions = 4
Wed, 08 Dec 2021 19:34:41 :: Unclassified regions = 16
Wed, 08 Dec 2021 19:34:41 :: Unidentified regions = 0
Wed, 08 Dec 2021 19:34:41 :: Budget available for replication = 4121
Wed, 08 Dec 2021 19:34:41 :: **************************************************
Wed, 08 Dec 2021 19:45:29 :: **************************************************
Wed, 08 Dec 2021 19:45:29 :: Mid Classified regions = 11
Wed, 08 Dec 2021 19:45:29 :: Mid Unclassified regions = 25
Wed, 08 Dec 2021 19:45:29 :: Mid Unidentified regions = 0
Wed, 08 Dec 2021 19:47:17 :: Classified regions = 11
Wed, 08 Dec 2021 19:47:17 :: Unclassified regions = 25
Wed, 08 Dec 2021 19:47:17 :: Unidentified regions = 0
Wed, 08 Dec 2021 19:47:17 :: Budget available for replication = 3644
Wed, 08 Dec 2021 19:47:17 :: **************************************************
Wed, 08 Dec 2021 20:03:37 :: **************************************************
Wed, 08 Dec 2021 20:03:37 :: Mid Classified regions = 23
Wed, 08 Dec 2021 20:03:37 :: Mid Unclassified regions = 38
Wed, 08 Dec 2021 20:03:37 :: Mid Unidentified regions = 0
Wed, 08 Dec 2021 20:06:47 :: Classified regions = 23
Wed, 08 Dec 2021 20:06:47 :: Unclassified regions = 38
Wed, 08 Dec 2021 20:06:47 :: Unidentified regions = 0
Wed, 08 Dec 2021 20:06:47 :: Budget available for replication = 2953
Wed, 08 Dec 2021 20:06:47 :: **************************************************
Wed, 08 Dec 2021 20:30:49 :: **************************************************
Wed, 08 Dec 2021 20:30:49 :: Mid Classified regions = 46
Wed, 08 Dec 2021 20:30:49 :: Mid Unclassified regions = 53
Wed, 08 Dec 2021 20:30:49 :: Mid Unidentified regions = 0
Wed, 08 Dec 2021 20:37:06 :: Classified regions = 46
Wed, 08 Dec 2021 20:37:06 :: Unclassified regions = 53
Wed, 08 Dec 2021 20:37:06 :: Unidentified regions = 0
Wed, 08 Dec 2021 20:37:06 :: Budget available for replication = 1954
Wed, 08 Dec 2021 20:37:06 :: **************************************************
Wed, 08 Dec 2021 20:37:06 :: **************************************************
Wed, 08 Dec 2021 20:37:06 :: In the last act for replication 6:
Wed, 08 Dec 2021 20:37:06 :: Budget Used for replication 6 = 3046
Wed, 08 Dec 2021 20:37:06 :: Budget available for replication 6 = 1954
Wed, 08 Dec 2021 20:37:06 :: Classified regions = 46
Wed, 08 Dec 2021 20:37:06 :: Unclassified regions = 53
Wed, 08 Dec 2021 20:37:06 :: Unidentified regions = 0
Wed, 08 Dec 2021 20:37:06 :: **************************************************
Wed, 08 Dec 2021 21:17:22 :: **************************************************
Wed, 08 Dec 2021 21:17:22 :: **************************************************
Wed, 08 Dec 2021 21:17:22 :: ENDING replication 6:
Wed, 08 Dec 2021 21:17:22 :: Budget Used = 5000
Wed, 08 Dec 2021 21:17:22 :: Budget available = 0
Wed, 08 Dec 2021 21:17:22 :: **************************************************
Wed, 08 Dec 2021 21:17:22 :: **************************************************
Wed, 08 Dec 2021 21:17:22 :: ****************Replication END*******************
