Wed, 08 Dec 2021 19:21:18 :: Information about Replication 8
Wed, 08 Dec 2021 19:21:18 :: Running Goldstein_1 Replication 8 with seed 10008
Wed, 08 Dec 2021 19:21:18 :: **************************************************
Wed, 08 Dec 2021 19:21:18 :: Options File:
Wed, 08 Dec 2021 19:21:18 :: initial_region_support : [[[-1.  1.]
  [-1.  1.]]]
Wed, 08 Dec 2021 19:21:18 :: test_function_dimension : 2
Wed, 08 Dec 2021 19:21:18 :: alpha : [0.05]
Wed, 08 Dec 2021 19:21:18 :: M : 100
Wed, 08 Dec 2021 19:21:18 :: R : 10
Wed, 08 Dec 2021 19:21:18 :: delta : 0.001
Wed, 08 Dec 2021 19:21:18 :: uniform_partitioning : True
Wed, 08 Dec 2021 19:21:18 :: min_volume : 4e-06
Wed, 08 Dec 2021 19:21:18 :: initialization_budget : 10
Wed, 08 Dec 2021 19:21:18 :: max_budget : 5000
Wed, 08 Dec 2021 19:21:18 :: number_of_BO_samples : [10]
Wed, 08 Dec 2021 19:21:18 :: continued_sampling_budget : 100
Wed, 08 Dec 2021 19:21:18 :: branching_factor : 2
Wed, 08 Dec 2021 19:21:18 :: nugget_mean : 0
Wed, 08 Dec 2021 19:21:18 :: nugget_std_dev : 0.001
Wed, 08 Dec 2021 19:21:18 :: start_seed : 10000
Wed, 08 Dec 2021 19:21:18 :: fv_quantiles_for_gp : [0.5, 0.95, 0.99]
Wed, 08 Dec 2021 19:21:18 :: BENCHMARK_NAME : Goldstein_1
Wed, 08 Dec 2021 19:21:18 :: NGP : 1000
Wed, 08 Dec 2021 19:21:18 :: **************************************************
Wed, 08 Dec 2021 19:21:18 :: Budget Used = 0
Wed, 08 Dec 2021 19:21:18 :: Budget Available (Max Budget) = 5000
Wed, 08 Dec 2021 19:21:18 :: **************************************************
Wed, 08 Dec 2021 19:21:18 :: **************************************************
Wed, 08 Dec 2021 19:21:18 :: ***************Replication Start******************
Wed, 08 Dec 2021 19:21:28 :: **************************************************
Wed, 08 Dec 2021 19:21:28 :: Classified regions = 0
Wed, 08 Dec 2021 19:21:28 :: Unclassified regions = 1
Wed, 08 Dec 2021 19:21:28 :: Unidentified regions = 0
Wed, 08 Dec 2021 19:21:28 :: Budget available for replication = 4980
Wed, 08 Dec 2021 19:21:28 :: **************************************************
Wed, 08 Dec 2021 19:21:47 :: **************************************************
Wed, 08 Dec 2021 19:21:47 :: Mid Classified regions = 0
Wed, 08 Dec 2021 19:21:47 :: Mid Unclassified regions = 2
Wed, 08 Dec 2021 19:21:47 :: Mid Unidentified regions = 0
Wed, 08 Dec 2021 19:21:47 :: Classified regions = 0
Wed, 08 Dec 2021 19:21:47 :: Unclassified regions = 2
Wed, 08 Dec 2021 19:21:47 :: Unidentified regions = 0
Wed, 08 Dec 2021 19:21:47 :: Budget available for replication = 4960
Wed, 08 Dec 2021 19:21:47 :: **************************************************
Wed, 08 Dec 2021 19:22:22 :: **************************************************
Wed, 08 Dec 2021 19:22:22 :: Mid Classified regions = 0
Wed, 08 Dec 2021 19:22:22 :: Mid Unclassified regions = 4
Wed, 08 Dec 2021 19:22:22 :: Mid Unidentified regions = 0
Wed, 08 Dec 2021 19:22:22 :: Classified regions = 0
Wed, 08 Dec 2021 19:22:22 :: Unclassified regions = 4
Wed, 08 Dec 2021 19:22:22 :: Unidentified regions = 0
Wed, 08 Dec 2021 19:22:22 :: Budget available for replication = 4908
Wed, 08 Dec 2021 19:22:22 :: **************************************************
Wed, 08 Dec 2021 19:23:38 :: **************************************************
Wed, 08 Dec 2021 19:23:38 :: Mid Classified regions = 2
Wed, 08 Dec 2021 19:23:38 :: Mid Unclassified regions = 6
Wed, 08 Dec 2021 19:23:38 :: Mid Unidentified regions = 0
Wed, 08 Dec 2021 19:24:29 :: Classified regions = 2
Wed, 08 Dec 2021 19:24:29 :: Unclassified regions = 6
Wed, 08 Dec 2021 19:24:29 :: Unidentified regions = 0
Wed, 08 Dec 2021 19:24:29 :: Budget available for replication = 4718
Wed, 08 Dec 2021 19:24:29 :: **************************************************
Wed, 08 Dec 2021 19:27:16 :: **************************************************
Wed, 08 Dec 2021 19:27:16 :: Mid Classified regions = 7
Wed, 08 Dec 2021 19:27:16 :: Mid Unclassified regions = 7
Wed, 08 Dec 2021 19:27:16 :: Mid Unidentified regions = 0
Wed, 08 Dec 2021 19:28:18 :: Classified regions = 7
Wed, 08 Dec 2021 19:28:18 :: Unclassified regions = 7
Wed, 08 Dec 2021 19:28:18 :: Unidentified regions = 0
Wed, 08 Dec 2021 19:28:18 :: Budget available for replication = 4466
Wed, 08 Dec 2021 19:28:18 :: **************************************************
Wed, 08 Dec 2021 19:31:44 :: **************************************************
Wed, 08 Dec 2021 19:31:44 :: Mid Classified regions = 10
Wed, 08 Dec 2021 19:31:44 :: Mid Unclassified regions = 11
Wed, 08 Dec 2021 19:31:44 :: Mid Unidentified regions = 0
Wed, 08 Dec 2021 19:33:06 :: Classified regions = 9
Wed, 08 Dec 2021 19:33:06 :: Unclassified regions = 12
Wed, 08 Dec 2021 19:33:06 :: Unidentified regions = 0
Wed, 08 Dec 2021 19:33:06 :: Budget available for replication = 4197
Wed, 08 Dec 2021 19:33:06 :: **************************************************
Wed, 08 Dec 2021 19:41:46 :: **************************************************
Wed, 08 Dec 2021 19:41:46 :: Mid Classified regions = 14
Wed, 08 Dec 2021 19:41:46 :: Mid Unclassified regions = 19
Wed, 08 Dec 2021 19:41:46 :: Mid Unidentified regions = 0
Wed, 08 Dec 2021 19:43:41 :: Classified regions = 14
Wed, 08 Dec 2021 19:43:41 :: Unclassified regions = 19
Wed, 08 Dec 2021 19:43:41 :: Unidentified regions = 0
Wed, 08 Dec 2021 19:43:41 :: Budget available for replication = 3793
Wed, 08 Dec 2021 19:43:41 :: **************************************************
Wed, 08 Dec 2021 19:55:01 :: **************************************************
Wed, 08 Dec 2021 19:55:01 :: Mid Classified regions = 24
Wed, 08 Dec 2021 19:55:01 :: Mid Unclassified regions = 28
Wed, 08 Dec 2021 19:55:01 :: Mid Unidentified regions = 0
Wed, 08 Dec 2021 19:58:21 :: Classified regions = 24
Wed, 08 Dec 2021 19:58:21 :: Unclassified regions = 28
Wed, 08 Dec 2021 19:58:21 :: Unidentified regions = 0
Wed, 08 Dec 2021 19:58:21 :: Budget available for replication = 3251
Wed, 08 Dec 2021 19:58:21 :: **************************************************
Wed, 08 Dec 2021 20:14:36 :: **************************************************
Wed, 08 Dec 2021 20:14:36 :: Mid Classified regions = 45
Wed, 08 Dec 2021 20:14:36 :: Mid Unclassified regions = 35
Wed, 08 Dec 2021 20:14:36 :: Mid Unidentified regions = 0
Wed, 08 Dec 2021 20:20:16 :: Classified regions = 45
Wed, 08 Dec 2021 20:20:16 :: Unclassified regions = 35
Wed, 08 Dec 2021 20:20:16 :: Unidentified regions = 0
Wed, 08 Dec 2021 20:20:16 :: Budget available for replication = 2450
Wed, 08 Dec 2021 20:20:16 :: **************************************************
Wed, 08 Dec 2021 20:40:17 :: **************************************************
Wed, 08 Dec 2021 20:40:17 :: Mid Classified regions = 61
Wed, 08 Dec 2021 20:40:17 :: Mid Unclassified regions = 54
Wed, 08 Dec 2021 20:40:17 :: Mid Unidentified regions = 0
Wed, 08 Dec 2021 20:49:39 :: Classified regions = 61
Wed, 08 Dec 2021 20:49:39 :: Unclassified regions = 54
Wed, 08 Dec 2021 20:49:39 :: Unidentified regions = 0
Wed, 08 Dec 2021 20:49:39 :: Budget available for replication = 1517
Wed, 08 Dec 2021 20:49:39 :: **************************************************
Wed, 08 Dec 2021 20:49:39 :: **************************************************
Wed, 08 Dec 2021 20:49:39 :: In the last act for replication 8:
Wed, 08 Dec 2021 20:49:39 :: Budget Used for replication 8 = 3483
Wed, 08 Dec 2021 20:49:39 :: Budget available for replication 8 = 1517
Wed, 08 Dec 2021 20:49:39 :: Classified regions = 61
Wed, 08 Dec 2021 20:49:39 :: Unclassified regions = 54
Wed, 08 Dec 2021 20:49:39 :: Unidentified regions = 0
Wed, 08 Dec 2021 20:49:39 :: **************************************************
Wed, 08 Dec 2021 21:24:49 :: **************************************************
Wed, 08 Dec 2021 21:24:49 :: **************************************************
Wed, 08 Dec 2021 21:24:49 :: ENDING replication 8:
Wed, 08 Dec 2021 21:24:49 :: Budget Used = 5000
Wed, 08 Dec 2021 21:24:49 :: Budget available = 0
Wed, 08 Dec 2021 21:24:49 :: **************************************************
Wed, 08 Dec 2021 21:24:49 :: **************************************************
Wed, 08 Dec 2021 21:24:49 :: ****************Replication END*******************
