Wed, 08 Dec 2021 19:21:18 :: Information about Replication 1
Wed, 08 Dec 2021 19:21:18 :: Running Goldstein_1 Replication 1 with seed 10001
Wed, 08 Dec 2021 19:21:18 :: **************************************************
Wed, 08 Dec 2021 19:21:18 :: Options File:
Wed, 08 Dec 2021 19:21:18 :: initial_region_support : [[[-1.  1.]
  [-1.  1.]]]
Wed, 08 Dec 2021 19:21:18 :: test_function_dimension : 2
Wed, 08 Dec 2021 19:21:18 :: alpha : [0.05]
Wed, 08 Dec 2021 19:21:18 :: M : 100
Wed, 08 Dec 2021 19:21:18 :: R : 10
Wed, 08 Dec 2021 19:21:18 :: delta : 0.001
Wed, 08 Dec 2021 19:21:18 :: uniform_partitioning : True
Wed, 08 Dec 2021 19:21:18 :: min_volume : 4e-06
Wed, 08 Dec 2021 19:21:18 :: initialization_budget : 10
Wed, 08 Dec 2021 19:21:18 :: max_budget : 5000
Wed, 08 Dec 2021 19:21:18 :: number_of_BO_samples : [10]
Wed, 08 Dec 2021 19:21:18 :: continued_sampling_budget : 100
Wed, 08 Dec 2021 19:21:18 :: branching_factor : 2
Wed, 08 Dec 2021 19:21:18 :: nugget_mean : 0
Wed, 08 Dec 2021 19:21:18 :: nugget_std_dev : 0.001
Wed, 08 Dec 2021 19:21:18 :: start_seed : 10000
Wed, 08 Dec 2021 19:21:18 :: fv_quantiles_for_gp : [0.5, 0.95, 0.99]
Wed, 08 Dec 2021 19:21:18 :: BENCHMARK_NAME : Goldstein_1
Wed, 08 Dec 2021 19:21:18 :: NGP : 1000
Wed, 08 Dec 2021 19:21:18 :: **************************************************
Wed, 08 Dec 2021 19:21:18 :: Budget Used = 0
Wed, 08 Dec 2021 19:21:18 :: Budget Available (Max Budget) = 5000
Wed, 08 Dec 2021 19:21:18 :: **************************************************
Wed, 08 Dec 2021 19:21:18 :: **************************************************
Wed, 08 Dec 2021 19:21:18 :: ***************Replication Start******************
Wed, 08 Dec 2021 19:21:27 :: **************************************************
Wed, 08 Dec 2021 19:21:27 :: Classified regions = 0
Wed, 08 Dec 2021 19:21:27 :: Unclassified regions = 1
Wed, 08 Dec 2021 19:21:27 :: Unidentified regions = 0
Wed, 08 Dec 2021 19:21:27 :: Budget available for replication = 4980
Wed, 08 Dec 2021 19:21:27 :: **************************************************
Wed, 08 Dec 2021 19:21:47 :: **************************************************
Wed, 08 Dec 2021 19:21:47 :: Mid Classified regions = 0
Wed, 08 Dec 2021 19:21:47 :: Mid Unclassified regions = 2
Wed, 08 Dec 2021 19:21:47 :: Mid Unidentified regions = 0
Wed, 08 Dec 2021 19:21:47 :: Classified regions = 0
Wed, 08 Dec 2021 19:21:47 :: Unclassified regions = 2
Wed, 08 Dec 2021 19:21:47 :: Unidentified regions = 0
Wed, 08 Dec 2021 19:21:47 :: Budget available for replication = 4957
Wed, 08 Dec 2021 19:21:47 :: **************************************************
Wed, 08 Dec 2021 19:22:28 :: **************************************************
Wed, 08 Dec 2021 19:22:28 :: Mid Classified regions = 0
Wed, 08 Dec 2021 19:22:28 :: Mid Unclassified regions = 4
Wed, 08 Dec 2021 19:22:28 :: Mid Unidentified regions = 0
Wed, 08 Dec 2021 19:22:28 :: Classified regions = 0
Wed, 08 Dec 2021 19:22:28 :: Unclassified regions = 4
Wed, 08 Dec 2021 19:22:28 :: Unidentified regions = 0
Wed, 08 Dec 2021 19:22:28 :: Budget available for replication = 4914
Wed, 08 Dec 2021 19:22:28 :: **************************************************
Wed, 08 Dec 2021 19:24:00 :: **************************************************
Wed, 08 Dec 2021 19:24:00 :: Mid Classified regions = 3
Wed, 08 Dec 2021 19:24:00 :: Mid Unclassified regions = 5
Wed, 08 Dec 2021 19:24:00 :: Mid Unidentified regions = 0
Wed, 08 Dec 2021 19:25:13 :: Classified regions = 2
Wed, 08 Dec 2021 19:25:13 :: Unclassified regions = 6
Wed, 08 Dec 2021 19:25:13 :: Unidentified regions = 0
Wed, 08 Dec 2021 19:25:13 :: Budget available for replication = 4717
Wed, 08 Dec 2021 19:25:13 :: **************************************************
Wed, 08 Dec 2021 19:28:40 :: **************************************************
Wed, 08 Dec 2021 19:28:40 :: Mid Classified regions = 4
Wed, 08 Dec 2021 19:28:40 :: Mid Unclassified regions = 10
Wed, 08 Dec 2021 19:28:40 :: Mid Unidentified regions = 0
Wed, 08 Dec 2021 19:29:56 :: Classified regions = 4
Wed, 08 Dec 2021 19:29:56 :: Unclassified regions = 10
Wed, 08 Dec 2021 19:29:56 :: Unidentified regions = 0
Wed, 08 Dec 2021 19:29:56 :: Budget available for replication = 4469
Wed, 08 Dec 2021 19:29:56 :: **************************************************
Wed, 08 Dec 2021 19:35:54 :: **************************************************
Wed, 08 Dec 2021 19:35:54 :: Mid Classified regions = 8
Wed, 08 Dec 2021 19:35:54 :: Mid Unclassified regions = 16
Wed, 08 Dec 2021 19:35:54 :: Mid Unidentified regions = 0
Wed, 08 Dec 2021 19:36:45 :: Classified regions = 7
Wed, 08 Dec 2021 19:36:45 :: Unclassified regions = 17
Wed, 08 Dec 2021 19:36:45 :: Unidentified regions = 0
Wed, 08 Dec 2021 19:36:45 :: Budget available for replication = 4127
Wed, 08 Dec 2021 19:36:45 :: **************************************************
Wed, 08 Dec 2021 19:47:58 :: **************************************************
Wed, 08 Dec 2021 19:47:58 :: Mid Classified regions = 13
Wed, 08 Dec 2021 19:47:58 :: Mid Unclassified regions = 28
Wed, 08 Dec 2021 19:47:58 :: Mid Unidentified regions = 0
Wed, 08 Dec 2021 19:50:31 :: Classified regions = 13
Wed, 08 Dec 2021 19:50:31 :: Unclassified regions = 28
Wed, 08 Dec 2021 19:50:31 :: Unidentified regions = 0
Wed, 08 Dec 2021 19:50:31 :: Budget available for replication = 3624
Wed, 08 Dec 2021 19:50:31 :: **************************************************
Wed, 08 Dec 2021 20:06:57 :: **************************************************
Wed, 08 Dec 2021 20:06:57 :: Mid Classified regions = 23
Wed, 08 Dec 2021 20:06:57 :: Mid Unclassified regions = 46
Wed, 08 Dec 2021 20:06:57 :: Mid Unidentified regions = 0
Wed, 08 Dec 2021 20:10:23 :: Classified regions = 23
Wed, 08 Dec 2021 20:10:23 :: Unclassified regions = 46
Wed, 08 Dec 2021 20:10:23 :: Unidentified regions = 0
Wed, 08 Dec 2021 20:10:23 :: Budget available for replication = 2831
Wed, 08 Dec 2021 20:10:23 :: **************************************************
Wed, 08 Dec 2021 20:34:45 :: **************************************************
Wed, 08 Dec 2021 20:34:45 :: Mid Classified regions = 47
Wed, 08 Dec 2021 20:34:45 :: Mid Unclassified regions = 68
Wed, 08 Dec 2021 20:34:45 :: Mid Unidentified regions = 0
Wed, 08 Dec 2021 20:41:03 :: Classified regions = 47
Wed, 08 Dec 2021 20:41:03 :: Unclassified regions = 68
Wed, 08 Dec 2021 20:41:03 :: Unidentified regions = 0
Wed, 08 Dec 2021 20:41:03 :: Budget available for replication = 1650
Wed, 08 Dec 2021 20:41:03 :: **************************************************
Wed, 08 Dec 2021 20:41:03 :: **************************************************
Wed, 08 Dec 2021 20:41:03 :: In the last act for replication 1:
Wed, 08 Dec 2021 20:41:03 :: Budget Used for replication 1 = 3350
Wed, 08 Dec 2021 20:41:03 :: Budget available for replication 1 = 1650
Wed, 08 Dec 2021 20:41:03 :: Classified regions = 47
Wed, 08 Dec 2021 20:41:03 :: Unclassified regions = 68
Wed, 08 Dec 2021 20:41:03 :: Unidentified regions = 0
Wed, 08 Dec 2021 20:41:03 :: **************************************************
Wed, 08 Dec 2021 21:17:46 :: **************************************************
Wed, 08 Dec 2021 21:17:46 :: **************************************************
Wed, 08 Dec 2021 21:17:46 :: ENDING replication 1:
Wed, 08 Dec 2021 21:17:46 :: Budget Used = 5000
Wed, 08 Dec 2021 21:17:46 :: Budget available = 0
Wed, 08 Dec 2021 21:17:46 :: **************************************************
Wed, 08 Dec 2021 21:17:46 :: **************************************************
Wed, 08 Dec 2021 21:17:46 :: ****************Replication END*******************
